<?xml version="1.0" encoding="UTF-8"?>
<testng-results skipped="0" failed="0" total="1" passed="1">
  <reporter-output>
  </reporter-output>
  <suite name="Suite1" duration-ms="33" started-at="2019-07-10T11:55:28Z" finished-at="2019-07-10T11:55:28Z">
    <groups>
    </groups>
    <test name="test12" duration-ms="33" started-at="2019-07-10T11:55:28Z" finished-at="2019-07-10T11:55:28Z">
      <class name="examples.ParameterizedTest">
        <test-method status="PASS" signature="ParaTest(java.lang.String)[pri:0, instance:examples.ParameterizedTest@2cfb4a64]" name="ParaTest" duration-ms="17" started-at="2019-07-10T19:55:28Z" finished-at="2019-07-10T19:55:28Z">
          <params>
            <param index="0">
              <value>
                <![CDATA[Tank]]>
              </value>
            </param>
          </params>
          <reporter-output>
          </reporter-output>
        </test-method> <!-- ParaTest -->
      </class> <!-- examples.ParameterizedTest -->
    </test> <!-- test12 -->
  </suite> <!-- Suite1 -->
</testng-results>
